<?xml version="1.0" encoding="UTF-8"?>
<!-- Generated by org.testng.reporters.JUnitReportReporter -->
<testsuite hostname="PENA4-VLAP-118" failures="0" tests="1" name="com.ui.test.LoginTest" time="34.114" errors="0" timestamp="2025-03-25T15:16:49 IST" skipped="0">
  <testcase classname="com.ui.test.LoginTest" name="loginTest" time="34.114"/>
</testsuite> <!-- com.ui.test.LoginTest -->
